Using pre-set license
Built from '2021.3/staging' branch; Version is '2021.3.11f1 (0a5ca18544bf) revision 679073'; Using compiler version '192829333'; Build Type 'Release'
OS: 'Windows 10  (10.0.19045) 64bit Core' Language: 'ko' Physical Memory: 16237 MB
BatchMode: 1, IsHumanControllingUs: 0, StartBugReporterOnCrash: 0, Is64bit: 1, IsPro: 1

COMMAND LINE ARGUMENTS:
D:\Unity\2021.3.11f1\Editor\Unity.exe
-adb2
-batchMode
-noUpm
-name
AssetImportWorker0
-projectPath
D:/유니티/GameProgramming4
-logFile
Logs/AssetImportWorker0.log
-srvPort
9414
Successfully changed project path to: D:/유니티/GameProgramming4
D:/유니티/GameProgramming4
[UnityMemory] Configuration Parameters - Can be set up in boot.config
    "memorysetup-bucket-allocator-granularity=16"
    "memorysetup-bucket-allocator-bucket-count=8"
    "memorysetup-bucket-allocator-block-size=33554432"
    "memorysetup-bucket-allocator-block-count=8"
    "memorysetup-main-allocator-block-size=16777216"
    "memorysetup-thread-allocator-block-size=16777216"
    "memorysetup-gfx-main-allocator-block-size=16777216"
    "memorysetup-gfx-thread-allocator-block-size=16777216"
    "memorysetup-cache-allocator-block-size=4194304"
    "memorysetup-typetree-allocator-block-size=2097152"
    "memorysetup-profiler-bucket-allocator-granularity=16"
    "memorysetup-profiler-bucket-allocator-bucket-count=8"
    "memorysetup-profiler-bucket-allocator-block-size=33554432"
    "memorysetup-profiler-bucket-allocator-block-count=8"
    "memorysetup-profiler-allocator-block-size=16777216"
    "memorysetup-profiler-editor-allocator-block-size=1048576"
    "memorysetup-temp-allocator-size-main=16777216"
    "memorysetup-job-temp-allocator-block-size=2097152"
    "memorysetup-job-temp-allocator-block-size-background=1048576"
    "memorysetup-job-temp-allocator-reduction-small-platforms=262144"
    "memorysetup-temp-allocator-size-background-worker=32768"
    "memorysetup-temp-allocator-size-job-worker=262144"
    "memorysetup-temp-allocator-size-preload-manager=33554432"
    "memorysetup-temp-allocator-size-nav-mesh-worker=65536"
    "memorysetup-temp-allocator-size-audio-worker=65536"
    "memorysetup-temp-allocator-size-cloud-worker=32768"
    "memorysetup-temp-allocator-size-gi-baking-worker=262144"
    "memorysetup-temp-allocator-size-gfx=262144"
Refreshing native plugins compatible for Editor in 82.87 ms, found 3 plugins.
Preloading 0 native plugins for Editor in 0.00 ms.
Initialize engine version: 2021.3.11f1 (0a5ca18544bf)
[Subsystems] Discovering subsystems at path D:/Unity/2021.3.11f1/Editor/Data/Resources/UnitySubsystems
[Subsystems] Discovering subsystems at path D:/유니티/GameProgramming4/Assets
GfxDevice: creating device client; threaded=0; jobified=0
Direct3D:
    Version:  Direct3D 11.0 [level 11.1]
    Renderer: NVIDIA GeForce GTX 1650 SUPER (ID=0x2187)
    Vendor:   NVIDIA
    VRAM:     3955 MB
    Driver:   31.0.15.1694
Initialize mono
Mono path[0] = 'D:/Unity/2021.3.11f1/Editor/Data/Managed'
Mono path[1] = 'D:/Unity/2021.3.11f1/Editor/Data/MonoBleedingEdge/lib/mono/unityjit-win32'
Mono config path = 'D:/Unity/2021.3.11f1/Editor/Data/MonoBleedingEdge/etc'
Using monoOptions --debugger-agent=transport=dt_socket,embedding=1,server=y,suspend=n,address=127.0.0.1:56644
Begin MonoManager ReloadAssembly
Registering precompiled unity dll's ...
Register platform support module: D:/Unity/2021.3.11f1/Editor/Data/PlaybackEngines/WindowsStandaloneSupport/UnityEditor.WindowsStandalone.Extensions.dll
Registered in 0.002101 seconds.
Native extension for WindowsStandalone target not found
Refreshing native plugins compatible for Editor in 84.30 ms, found 3 plugins.
Preloading 0 native plugins for Editor in 0.00 ms.
Mono: successfully reloaded assembly
- Completed reload, in  0.663 seconds
Domain Reload Profiling:
	ReloadAssembly (663ms)
		BeginReloadAssembly (76ms)
			ExecutionOrderSort (0ms)
			DisableScriptedObjects (0ms)
			BackupInstance (0ms)
			ReleaseScriptingObjects (0ms)
			CreateAndSetChildDomain (1ms)
		EndReloadAssembly (463ms)
			LoadAssemblies (75ms)
			RebuildTransferFunctionScriptingTraits (0ms)
			SetupTypeCache (133ms)
			ReleaseScriptCaches (0ms)
			RebuildScriptCaches (29ms)
			SetupLoadedEditorAssemblies (256ms)
				LogAssemblyErrors (0ms)
				InitializePlatformSupportModulesInManaged (6ms)
				SetLoadedEditorAssemblies (0ms)
				RefreshPlugins (84ms)
				BeforeProcessingInitializeOnLoad (1ms)
				ProcessInitializeOnLoadAttributes (122ms)
				ProcessInitializeOnLoadMethodAttributes (42ms)
				AfterProcessingInitializeOnLoad (0ms)
				EditorAssembliesLoaded (0ms)
			ExecutionOrderSort2 (0ms)
			AwakeInstancesAfterBackupRestoration (0ms)
Platform modules already initialized, skipping
Registering precompiled user dll's ...
Registered in 0.004401 seconds.
Begin MonoManager ReloadAssembly
Symbol file LoadedFromMemory is not a mono symbol file
Native extension for WindowsStandalone target not found
Refreshing native plugins compatible for Editor in 88.66 ms, found 3 plugins.
Preloading 0 native plugins for Editor in 0.00 ms.
Package Manager log level set to [2]
Mono: successfully reloaded assembly
- Completed reload, in  1.357 seconds
Domain Reload Profiling:
	ReloadAssembly (1358ms)
		BeginReloadAssembly (106ms)
			ExecutionOrderSort (0ms)
			DisableScriptedObjects (6ms)
			BackupInstance (0ms)
			ReleaseScriptingObjects (0ms)
			CreateAndSetChildDomain (19ms)
		EndReloadAssembly (1128ms)
			LoadAssemblies (78ms)
			RebuildTransferFunctionScriptingTraits (0ms)
			SetupTypeCache (271ms)
			ReleaseScriptCaches (1ms)
			RebuildScriptCaches (72ms)
			SetupLoadedEditorAssemblies (662ms)
				LogAssemblyErrors (0ms)
				InitializePlatformSupportModulesInManaged (3ms)
				SetLoadedEditorAssemblies (0ms)
				RefreshPlugins (89ms)
				BeforeProcessingInitializeOnLoad (98ms)
				ProcessInitializeOnLoadAttributes (278ms)
				ProcessInitializeOnLoadMethodAttributes (191ms)
				AfterProcessingInitializeOnLoad (2ms)
				EditorAssembliesLoaded (0ms)
			ExecutionOrderSort2 (0ms)
			AwakeInstancesAfterBackupRestoration (5ms)
Platform modules already initialized, skipping
========================================================================
Worker process is ready to serve import requests
Launched and connected shader compiler UnityShaderCompiler.exe after 0.04 seconds
Refreshing native plugins compatible for Editor in 1.04 ms, found 3 plugins.
Preloading 0 native plugins for Editor in 0.00 ms.
Unloading 4913 Unused Serialized files (Serialized files now loaded: 0)
Unloading 89 unused Assets / (389.2 KB). Loaded Objects now: 5361.
Memory consumption went from 216.3 MB to 215.9 MB.
Total: 7.199700 ms (FindLiveObjects: 0.404000 ms CreateObjectMapping: 0.377000 ms MarkObjects: 6.308800 ms  DeleteObjects: 0.108800 ms)

AssetImportParameters requested are different than current active one (requested -> active):
  custom:video-decoder-ogg-theora: a1e56fd34408186e4bbccfd4996cb3dc -> 
  custom:container-muxer-webm: aa71ff27fc2769a1b78a27578f13a17b -> 
  custom:container-demuxer-webm: 4f35f7cbe854078d1ac9338744f61a02 -> 
  custom:video-encoder-webm-vp8: eb34c28f22e8b96e1ab97ce403110664 -> 
  custom:audio-encoder-webm-vorbis: bf7c407c2cedff20999df2af8eb42d56 -> 
  custom:framework-win-MediaFoundation: 216162199b28c13a410421893ffa2e32 -> 
  custom:container-demuxer-ogg: 62fdf1f143b41e24485cea50d1cbac27 -> 
  custom:video-decoder-webm-vp8: 9c59270c3fd7afecdb556c50c9e8de78 -> 
  custom:audio-decoder-ogg-vorbis: bf7c407c2cedff20999df2af8eb42d56 -> 
========================================================================
Received Prepare
Registering precompiled user dll's ...
Registered in 0.005693 seconds.
Begin MonoManager ReloadAssembly
Symbol file LoadedFromMemory is not a mono symbol file
Native extension for WindowsStandalone target not found
Refreshing native plugins compatible for Editor in 1.60 ms, found 3 plugins.
Preloading 0 native plugins for Editor in 0.00 ms.
Mono: successfully reloaded assembly
- Completed reload, in  1.431 seconds
Domain Reload Profiling:
	ReloadAssembly (1431ms)
		BeginReloadAssembly (133ms)
			ExecutionOrderSort (0ms)
			DisableScriptedObjects (6ms)
			BackupInstance (0ms)
			ReleaseScriptingObjects (0ms)
			CreateAndSetChildDomain (41ms)
		EndReloadAssembly (1190ms)
			LoadAssemblies (86ms)
			RebuildTransferFunctionScriptingTraits (0ms)
			SetupTypeCache (318ms)
			ReleaseScriptCaches (2ms)
			RebuildScriptCaches (88ms)
			SetupLoadedEditorAssemblies (636ms)
				LogAssemblyErrors (0ms)
				InitializePlatformSupportModulesInManaged (14ms)
				SetLoadedEditorAssemblies (1ms)
				RefreshPlugins (2ms)
				BeforeProcessingInitializeOnLoad (111ms)
				ProcessInitializeOnLoadAttributes (294ms)
				ProcessInitializeOnLoadMethodAttributes (212ms)
				AfterProcessingInitializeOnLoad (3ms)
				EditorAssembliesLoaded (0ms)
			ExecutionOrderSort2 (0ms)
			AwakeInstancesAfterBackupRestoration (10ms)
Platform modules already initialized, skipping
Refreshing native plugins compatible for Editor in 5.68 ms, found 3 plugins.
Preloading 0 native plugins for Editor in 0.00 ms.
Unloading 4777 Unused Serialized files (Serialized files now loaded: 0)
Unloading 65 unused Assets / (388.6 KB). Loaded Objects now: 5364.
Memory consumption went from 206.7 MB to 206.3 MB.
Total: 7.298400 ms (FindLiveObjects: 0.306700 ms CreateObjectMapping: 0.228500 ms MarkObjects: 6.513500 ms  DeleteObjects: 0.248800 ms)

AssetImportParameters requested are different than current active one (requested -> active):
  custom:video-decoder-ogg-theora: a1e56fd34408186e4bbccfd4996cb3dc -> 
  custom:container-muxer-webm: aa71ff27fc2769a1b78a27578f13a17b -> 
  custom:container-demuxer-webm: 4f35f7cbe854078d1ac9338744f61a02 -> 
  custom:video-encoder-webm-vp8: eb34c28f22e8b96e1ab97ce403110664 -> 
  custom:audio-encoder-webm-vorbis: bf7c407c2cedff20999df2af8eb42d56 -> 
  custom:framework-win-MediaFoundation: 216162199b28c13a410421893ffa2e32 -> 
  custom:container-demuxer-ogg: 62fdf1f143b41e24485cea50d1cbac27 -> 
  custom:video-decoder-webm-vp8: 9c59270c3fd7afecdb556c50c9e8de78 -> 
  custom:audio-decoder-ogg-vorbis: bf7c407c2cedff20999df2af8eb42d56 -> 
========================================================================
Received Prepare
Refreshing native plugins compatible for Editor in 9.62 ms, found 3 plugins.
Preloading 0 native plugins for Editor in 0.00 ms.
Unloading 66 Unused Serialized files (Serialized files now loaded: 0)
Unloading 65 unused Assets / (386.0 KB). Loaded Objects now: 5364.
Memory consumption went from 112.0 MB to 111.6 MB.
Total: 5.575100 ms (FindLiveObjects: 0.291900 ms CreateObjectMapping: 0.197600 ms MarkObjects: 4.994900 ms  DeleteObjects: 0.090000 ms)

AssetImportParameters requested are different than current active one (requested -> active):
  custom:video-decoder-ogg-theora: a1e56fd34408186e4bbccfd4996cb3dc -> 
  custom:container-muxer-webm: aa71ff27fc2769a1b78a27578f13a17b -> 
  custom:container-demuxer-webm: 4f35f7cbe854078d1ac9338744f61a02 -> 
  custom:video-encoder-webm-vp8: eb34c28f22e8b96e1ab97ce403110664 -> 
  custom:audio-encoder-webm-vorbis: bf7c407c2cedff20999df2af8eb42d56 -> 
  custom:framework-win-MediaFoundation: 216162199b28c13a410421893ffa2e32 -> 
  custom:container-demuxer-ogg: 62fdf1f143b41e24485cea50d1cbac27 -> 
  custom:video-decoder-webm-vp8: 9c59270c3fd7afecdb556c50c9e8de78 -> 
  custom:audio-decoder-ogg-vorbis: bf7c407c2cedff20999df2af8eb42d56 -> 
========================================================================
Received Prepare
Registering precompiled user dll's ...
Registered in 0.006547 seconds.
Begin MonoManager ReloadAssembly
Symbol file LoadedFromMemory is not a mono symbol file
Native extension for WindowsStandalone target not found
Refreshing native plugins compatible for Editor in 1.14 ms, found 3 plugins.
Preloading 0 native plugins for Editor in 0.00 ms.
Mono: successfully reloaded assembly
- Completed reload, in  1.272 seconds
Domain Reload Profiling:
	ReloadAssembly (1273ms)
		BeginReloadAssembly (126ms)
			ExecutionOrderSort (0ms)
			DisableScriptedObjects (7ms)
			BackupInstance (0ms)
			ReleaseScriptingObjects (0ms)
			CreateAndSetChildDomain (42ms)
		EndReloadAssembly (1050ms)
			LoadAssemblies (82ms)
			RebuildTransferFunctionScriptingTraits (0ms)
			SetupTypeCache (273ms)
			ReleaseScriptCaches (2ms)
			RebuildScriptCaches (77ms)
			SetupLoadedEditorAssemblies (562ms)
				LogAssemblyErrors (0ms)
				InitializePlatformSupportModulesInManaged (10ms)
				SetLoadedEditorAssemblies (0ms)
				RefreshPlugins (1ms)
				BeforeProcessingInitializeOnLoad (108ms)
				ProcessInitializeOnLoadAttributes (264ms)
				ProcessInitializeOnLoadMethodAttributes (175ms)
				AfterProcessingInitializeOnLoad (2ms)
				EditorAssembliesLoaded (0ms)
			ExecutionOrderSort2 (0ms)
			AwakeInstancesAfterBackupRestoration (10ms)
Platform modules already initialized, skipping
Refreshing native plugins compatible for Editor in 4.07 ms, found 3 plugins.
Preloading 0 native plugins for Editor in 0.00 ms.
Unloading 4777 Unused Serialized files (Serialized files now loaded: 0)
Unloading 65 unused Assets / (388.8 KB). Loaded Objects now: 5367.
Memory consumption went from 206.7 MB to 206.4 MB.
Total: 6.820200 ms (FindLiveObjects: 0.455200 ms CreateObjectMapping: 0.273800 ms MarkObjects: 5.995400 ms  DeleteObjects: 0.094400 ms)

AssetImportParameters requested are different than current active one (requested -> active):
  custom:video-decoder-ogg-theora: a1e56fd34408186e4bbccfd4996cb3dc -> 
  custom:container-muxer-webm: aa71ff27fc2769a1b78a27578f13a17b -> 
  custom:container-demuxer-webm: 4f35f7cbe854078d1ac9338744f61a02 -> 
  custom:video-encoder-webm-vp8: eb34c28f22e8b96e1ab97ce403110664 -> 
  custom:audio-encoder-webm-vorbis: bf7c407c2cedff20999df2af8eb42d56 -> 
  custom:framework-win-MediaFoundation: 216162199b28c13a410421893ffa2e32 -> 
  custom:container-demuxer-ogg: 62fdf1f143b41e24485cea50d1cbac27 -> 
  custom:video-decoder-webm-vp8: 9c59270c3fd7afecdb556c50c9e8de78 -> 
  custom:audio-decoder-ogg-vorbis: bf7c407c2cedff20999df2af8eb42d56 -> 
========================================================================
Received Prepare
Refreshing native plugins compatible for Editor in 10.55 ms, found 3 plugins.
Preloading 0 native plugins for Editor in 0.00 ms.
Unloading 66 Unused Serialized files (Serialized files now loaded: 0)
Unloading 65 unused Assets / (386.0 KB). Loaded Objects now: 5367.
Memory consumption went from 112.0 MB to 111.6 MB.
Total: 6.412100 ms (FindLiveObjects: 0.289500 ms CreateObjectMapping: 0.198300 ms MarkObjects: 5.826800 ms  DeleteObjects: 0.096500 ms)

AssetImportParameters requested are different than current active one (requested -> active):
  custom:video-decoder-ogg-theora: a1e56fd34408186e4bbccfd4996cb3dc -> 
  custom:container-muxer-webm: aa71ff27fc2769a1b78a27578f13a17b -> 
  custom:container-demuxer-webm: 4f35f7cbe854078d1ac9338744f61a02 -> 
  custom:video-encoder-webm-vp8: eb34c28f22e8b96e1ab97ce403110664 -> 
  custom:audio-encoder-webm-vorbis: bf7c407c2cedff20999df2af8eb42d56 -> 
  custom:framework-win-MediaFoundation: 216162199b28c13a410421893ffa2e32 -> 
  custom:container-demuxer-ogg: 62fdf1f143b41e24485cea50d1cbac27 -> 
  custom:video-decoder-webm-vp8: 9c59270c3fd7afecdb556c50c9e8de78 -> 
  custom:audio-decoder-ogg-vorbis: bf7c407c2cedff20999df2af8eb42d56 -> 
========================================================================
Received Prepare
Refreshing native plugins compatible for Editor in 12.32 ms, found 3 plugins.
Preloading 0 native plugins for Editor in 0.00 ms.
Unloading 66 Unused Serialized files (Serialized files now loaded: 0)
Unloading 65 unused Assets / (385.5 KB). Loaded Objects now: 5367.
Memory consumption went from 112.0 MB to 111.6 MB.
Total: 6.837300 ms (FindLiveObjects: 0.431000 ms CreateObjectMapping: 0.658300 ms MarkObjects: 5.649300 ms  DeleteObjects: 0.097700 ms)

AssetImportParameters requested are different than current active one (requested -> active):
  custom:video-decoder-ogg-theora: a1e56fd34408186e4bbccfd4996cb3dc -> 
  custom:container-muxer-webm: aa71ff27fc2769a1b78a27578f13a17b -> 
  custom:container-demuxer-webm: 4f35f7cbe854078d1ac9338744f61a02 -> 
  custom:video-encoder-webm-vp8: eb34c28f22e8b96e1ab97ce403110664 -> 
  custom:audio-encoder-webm-vorbis: bf7c407c2cedff20999df2af8eb42d56 -> 
  custom:framework-win-MediaFoundation: 216162199b28c13a410421893ffa2e32 -> 
  custom:container-demuxer-ogg: 62fdf1f143b41e24485cea50d1cbac27 -> 
  custom:video-decoder-webm-vp8: 9c59270c3fd7afecdb556c50c9e8de78 -> 
  custom:audio-decoder-ogg-vorbis: bf7c407c2cedff20999df2af8eb42d56 -> 
========================================================================
Received Import Request.
  Time since last request: 24508.012291 seconds.
  path: Assets/Resources/Item.prefab
  artifactKey: Guid(5bf19ca92c05315499b33ca080d3b92b) Importer(815301076,1909f56bfc062723c751e8b465ee728b)
Start importing Assets/Resources/Item.prefab using Guid(5bf19ca92c05315499b33ca080d3b92b) Importer(815301076,1909f56bfc062723c751e8b465ee728b)  -> (artifact id: 'c016eef7be48f9434c0d138b22fb7b97') in 0.244844 seconds 
========================================================================
Received Import Request.
  Time since last request: 5.253663 seconds.
  path: Assets/Resources/Player.prefab
  artifactKey: Guid(3151914baebc1284097efd774732d822) Importer(815301076,1909f56bfc062723c751e8b465ee728b)
Start importing Assets/Resources/Player.prefab using Guid(3151914baebc1284097efd774732d822) Importer(815301076,1909f56bfc062723c751e8b465ee728b)  -> (artifact id: 'a6b4d56aa27feccd25fe516b291fe425') in 0.077164 seconds 
========================================================================
Received Prepare
Registering precompiled user dll's ...
Registered in 0.007612 seconds.
Begin MonoManager ReloadAssembly
Symbol file LoadedFromMemory is not a mono symbol file
Native extension for WindowsStandalone target not found
Refreshing native plugins compatible for Editor in 1.08 ms, found 3 plugins.
Preloading 0 native plugins for Editor in 0.00 ms.
Mono: successfully reloaded assembly
- Completed reload, in  1.263 seconds
Domain Reload Profiling:
	ReloadAssembly (1263ms)
		BeginReloadAssembly (141ms)
			ExecutionOrderSort (0ms)
			DisableScriptedObjects (9ms)
			BackupInstance (0ms)
			ReleaseScriptingObjects (0ms)
			CreateAndSetChildDomain (50ms)
		EndReloadAssembly (1024ms)
			LoadAssemblies (82ms)
			RebuildTransferFunctionScriptingTraits (0ms)
			SetupTypeCache (272ms)
			ReleaseScriptCaches (2ms)
			RebuildScriptCaches (77ms)
			SetupLoadedEditorAssemblies (521ms)
				LogAssemblyErrors (0ms)
				InitializePlatformSupportModulesInManaged (10ms)
				SetLoadedEditorAssemblies (1ms)
				RefreshPlugins (1ms)
				BeforeProcessingInitializeOnLoad (94ms)
				ProcessInitializeOnLoadAttributes (243ms)
				ProcessInitializeOnLoadMethodAttributes (168ms)
				AfterProcessingInitializeOnLoad (4ms)
				EditorAssembliesLoaded (0ms)
			ExecutionOrderSort2 (0ms)
			AwakeInstancesAfterBackupRestoration (11ms)
Platform modules already initialized, skipping
Refreshing native plugins compatible for Editor in 4.27 ms, found 3 plugins.
Preloading 0 native plugins for Editor in 0.00 ms.
Unloading 4785 Unused Serialized files (Serialized files now loaded: 0)
Unloading 67 unused Assets / (390.4 KB). Loaded Objects now: 5423.
Memory consumption went from 214.5 MB to 214.1 MB.
Total: 6.666900 ms (FindLiveObjects: 0.329200 ms CreateObjectMapping: 0.226900 ms MarkObjects: 5.989400 ms  DeleteObjects: 0.117500 ms)

AssetImportParameters requested are different than current active one (requested -> active):
  custom:video-decoder-ogg-theora: a1e56fd34408186e4bbccfd4996cb3dc -> 
  custom:container-muxer-webm: aa71ff27fc2769a1b78a27578f13a17b -> 
  custom:container-demuxer-webm: 4f35f7cbe854078d1ac9338744f61a02 -> 
  custom:video-encoder-webm-vp8: eb34c28f22e8b96e1ab97ce403110664 -> 
  custom:audio-encoder-webm-vorbis: bf7c407c2cedff20999df2af8eb42d56 -> 
  custom:framework-win-MediaFoundation: 216162199b28c13a410421893ffa2e32 -> 
  custom:container-demuxer-ogg: 62fdf1f143b41e24485cea50d1cbac27 -> 
  custom:video-decoder-webm-vp8: 9c59270c3fd7afecdb556c50c9e8de78 -> 
  custom:audio-decoder-ogg-vorbis: bf7c407c2cedff20999df2af8eb42d56 -> 
========================================================================
Received Prepare
Registering precompiled user dll's ...
Registered in 0.004492 seconds.
Begin MonoManager ReloadAssembly
Symbol file LoadedFromMemory is not a mono symbol file
Native extension for WindowsStandalone target not found
Refreshing native plugins compatible for Editor in 1.25 ms, found 3 plugins.
Preloading 0 native plugins for Editor in 0.00 ms.
Mono: successfully reloaded assembly
- Completed reload, in  1.462 seconds
Domain Reload Profiling:
	ReloadAssembly (1463ms)
		BeginReloadAssembly (125ms)
			ExecutionOrderSort (0ms)
			DisableScriptedObjects (6ms)
			BackupInstance (0ms)
			ReleaseScriptingObjects (0ms)
			CreateAndSetChildDomain (38ms)
		EndReloadAssembly (1233ms)
			LoadAssemblies (90ms)
			RebuildTransferFunctionScriptingTraits (0ms)
			SetupTypeCache (304ms)
			ReleaseScriptCaches (3ms)
			RebuildScriptCaches (93ms)
			SetupLoadedEditorAssemblies (651ms)
				LogAssemblyErrors (0ms)
				InitializePlatformSupportModulesInManaged (15ms)
				SetLoadedEditorAssemblies (1ms)
				RefreshPlugins (1ms)
				BeforeProcessingInitializeOnLoad (114ms)
				ProcessInitializeOnLoadAttributes (300ms)
				ProcessInitializeOnLoadMethodAttributes (218ms)
				AfterProcessingInitializeOnLoad (3ms)
				EditorAssembliesLoaded (0ms)
			ExecutionOrderSort2 (0ms)
			AwakeInstancesAfterBackupRestoration (15ms)
Platform modules already initialized, skipping
Refreshing native plugins compatible for Editor in 7.23 ms, found 3 plugins.
Preloading 0 native plugins for Editor in 0.00 ms.
Unloading 4785 Unused Serialized files (Serialized files now loaded: 0)
Unloading 65 unused Assets / (388.8 KB). Loaded Objects now: 5426.
Memory consumption went from 214.4 MB to 214.0 MB.
Total: 7.223900 ms (FindLiveObjects: 0.430600 ms CreateObjectMapping: 0.400400 ms MarkObjects: 6.303400 ms  DeleteObjects: 0.088000 ms)

AssetImportParameters requested are different than current active one (requested -> active):
  custom:video-decoder-ogg-theora: a1e56fd34408186e4bbccfd4996cb3dc -> 
  custom:container-muxer-webm: aa71ff27fc2769a1b78a27578f13a17b -> 
  custom:container-demuxer-webm: 4f35f7cbe854078d1ac9338744f61a02 -> 
  custom:video-encoder-webm-vp8: eb34c28f22e8b96e1ab97ce403110664 -> 
  custom:audio-encoder-webm-vorbis: bf7c407c2cedff20999df2af8eb42d56 -> 
  custom:framework-win-MediaFoundation: 216162199b28c13a410421893ffa2e32 -> 
  custom:container-demuxer-ogg: 62fdf1f143b41e24485cea50d1cbac27 -> 
  custom:video-decoder-webm-vp8: 9c59270c3fd7afecdb556c50c9e8de78 -> 
  custom:audio-decoder-ogg-vorbis: bf7c407c2cedff20999df2af8eb42d56 -> 
========================================================================
Received Prepare
Refreshing native plugins compatible for Editor in 15.37 ms, found 3 plugins.
Preloading 0 native plugins for Editor in 0.00 ms.
Unloading 66 Unused Serialized files (Serialized files now loaded: 0)
Unloading 65 unused Assets / (386.0 KB). Loaded Objects now: 5426.
Memory consumption went from 119.1 MB to 118.8 MB.
Total: 10.373700 ms (FindLiveObjects: 0.548700 ms CreateObjectMapping: 0.595900 ms MarkObjects: 9.085700 ms  DeleteObjects: 0.141600 ms)

AssetImportParameters requested are different than current active one (requested -> active):
  custom:video-decoder-ogg-theora: a1e56fd34408186e4bbccfd4996cb3dc -> 
  custom:container-muxer-webm: aa71ff27fc2769a1b78a27578f13a17b -> 
  custom:container-demuxer-webm: 4f35f7cbe854078d1ac9338744f61a02 -> 
  custom:video-encoder-webm-vp8: eb34c28f22e8b96e1ab97ce403110664 -> 
  custom:audio-encoder-webm-vorbis: bf7c407c2cedff20999df2af8eb42d56 -> 
  custom:framework-win-MediaFoundation: 216162199b28c13a410421893ffa2e32 -> 
  custom:container-demuxer-ogg: 62fdf1f143b41e24485cea50d1cbac27 -> 
  custom:video-decoder-webm-vp8: 9c59270c3fd7afecdb556c50c9e8de78 -> 
  custom:audio-decoder-ogg-vorbis: bf7c407c2cedff20999df2af8eb42d56 -> 
========================================================================
Received Import Request.
  Time since last request: 4548.010717 seconds.
  path: Assets/Resources/Player.prefab
  artifactKey: Guid(3151914baebc1284097efd774732d822) Importer(815301076,1909f56bfc062723c751e8b465ee728b)
Start importing Assets/Resources/Player.prefab using Guid(3151914baebc1284097efd774732d822) Importer(815301076,1909f56bfc062723c751e8b465ee728b)  -> (artifact id: 'a71a5541aca1f340ff25c4c3a4f4fa0d') in 0.262382 seconds 
========================================================================
Received Import Request.
  Time since last request: 8.891016 seconds.
  path: Assets/NetworkManager.cs
  artifactKey: Guid(aa8d3c0552b075a46b95e27d8d1418fe) Importer(815301076,1909f56bfc062723c751e8b465ee728b)
Start importing Assets/NetworkManager.cs using Guid(aa8d3c0552b075a46b95e27d8d1418fe) Importer(815301076,1909f56bfc062723c751e8b465ee728b)  -> (artifact id: '7a3a0024ec15c4a37eff408f90b074c8') in 0.009853 seconds 
========================================================================
Received Import Request.
  Time since last request: 1168.008554 seconds.
  path: Assets/Resources/Palette2/Tile2_0.asset
  artifactKey: Guid(66666606e33c2214a8903cb295aceb8f) Importer(815301076,1909f56bfc062723c751e8b465ee728b)
Start importing Assets/Resources/Palette2/Tile2_0.asset using Guid(66666606e33c2214a8903cb295aceb8f) Importer(815301076,1909f56bfc062723c751e8b465ee728b)  -> (artifact id: '8206b5f5ae669d554c53df21cb732f9e') in 0.025411 seconds 
========================================================================
Received Import Request.
  Time since last request: 0.000035 seconds.
  path: Assets/Resources/Palette2/Tile2_6.asset
  artifactKey: Guid(4d198ab31292a2d46b2f293add6cfa25) Importer(815301076,1909f56bfc062723c751e8b465ee728b)
Start importing Assets/Resources/Palette2/Tile2_6.asset using Guid(4d198ab31292a2d46b2f293add6cfa25) Importer(815301076,1909f56bfc062723c751e8b465ee728b)  -> (artifact id: 'b69f9cd7c02e1bbe11deb057b2580478') in 0.011294 seconds 
========================================================================
Received Import Request.
  Time since last request: 0.000026 seconds.
  path: Assets/Resources/Palette2/Tile2_8.asset
  artifactKey: Guid(a370d28a39a92574e9704df69aa38e36) Importer(815301076,1909f56bfc062723c751e8b465ee728b)
Start importing Assets/Resources/Palette2/Tile2_8.asset using Guid(a370d28a39a92574e9704df69aa38e36) Importer(815301076,1909f56bfc062723c751e8b465ee728b)  -> (artifact id: '3b25bd438d305e930c0a437c67ce1a88') in 0.023545 seconds 
========================================================================
Received Import Request.
  Time since last request: 0.000032 seconds.
  path: Assets/Resources/Palette2/Tile2_2.asset
  artifactKey: Guid(2dd8cf791e3a9d1448700daa54afa731) Importer(815301076,1909f56bfc062723c751e8b465ee728b)
Start importing Assets/Resources/Palette2/Tile2_2.asset using Guid(2dd8cf791e3a9d1448700daa54afa731) Importer(815301076,1909f56bfc062723c751e8b465ee728b)  -> (artifact id: 'a848689ecec8efa5e5ad7e53f54247d0') in 0.013666 seconds 
========================================================================
Received Import Request.
  Time since last request: 0.000045 seconds.
  path: Assets/Resources/Palette2/Tile2_11.asset
  artifactKey: Guid(ab2bd578d8fd3274fab06979b64b548a) Importer(815301076,1909f56bfc062723c751e8b465ee728b)
Start importing Assets/Resources/Palette2/Tile2_11.asset using Guid(ab2bd578d8fd3274fab06979b64b548a) Importer(815301076,1909f56bfc062723c751e8b465ee728b)  -> (artifact id: '911cdcdf8e214b2ab58cb6e411009bfb') in 0.010505 seconds 
========================================================================
Received Import Request.
  Time since last request: 0.000023 seconds.
  path: Assets/Resources/Palette2/Tile2_13.asset
  artifactKey: Guid(1fc25c8592d749d42bf38a7eb9da025b) Importer(815301076,1909f56bfc062723c751e8b465ee728b)
Start importing Assets/Resources/Palette2/Tile2_13.asset using Guid(1fc25c8592d749d42bf38a7eb9da025b) Importer(815301076,1909f56bfc062723c751e8b465ee728b)  -> (artifact id: '661183cd0b2abf2bdaac70bc4d0cde79') in 0.012684 seconds 
========================================================================
Received Import Request.
  Time since last request: 0.000027 seconds.
  path: Assets/Resources/Palette2/Tile2_7.asset
  artifactKey: Guid(1a2ea786d2298fa4e8eadfbf733fe2c5) Importer(815301076,1909f56bfc062723c751e8b465ee728b)
Start importing Assets/Resources/Palette2/Tile2_7.asset using Guid(1a2ea786d2298fa4e8eadfbf733fe2c5) Importer(815301076,1909f56bfc062723c751e8b465ee728b)  -> (artifact id: '99ecdae034b1b94d96070b1890899599') in 0.012518 seconds 
========================================================================
Received Import Request.
  Time since last request: 0.000024 seconds.
  path: Assets/Resources/Palette2/Tile2_17.asset
  artifactKey: Guid(f6d226d9b4b03bb4f868c62ce7679ac5) Importer(815301076,1909f56bfc062723c751e8b465ee728b)
Start importing Assets/Resources/Palette2/Tile2_17.asset using Guid(f6d226d9b4b03bb4f868c62ce7679ac5) Importer(815301076,1909f56bfc062723c751e8b465ee728b)  -> (artifact id: 'cbb7120eb1ebb5e47c140837192edb29') in 0.012478 seconds 
========================================================================
Received Import Request.
  Time since last request: 0.000023 seconds.
  path: Assets/Resources/Palette2/Tile2_3.asset
  artifactKey: Guid(3797a73d94afba64fa7c594213ccd315) Importer(815301076,1909f56bfc062723c751e8b465ee728b)
Start importing Assets/Resources/Palette2/Tile2_3.asset using Guid(3797a73d94afba64fa7c594213ccd315) Importer(815301076,1909f56bfc062723c751e8b465ee728b)  -> (artifact id: '63570d5e43ba60cd66f271a2080c8490') in 0.010259 seconds 
========================================================================
Received Import Request.
  Time since last request: 0.000028 seconds.
  path: Assets/Resources/Palette2/Tile2_9.asset
  artifactKey: Guid(ae252bdf1606ec642b6a513d252fa015) Importer(815301076,1909f56bfc062723c751e8b465ee728b)
Start importing Assets/Resources/Palette2/Tile2_9.asset using Guid(ae252bdf1606ec642b6a513d252fa015) Importer(815301076,1909f56bfc062723c751e8b465ee728b)  -> (artifact id: '033700507b5b0cb32c31e9d40077daf9') in 0.011336 seconds 
========================================================================
Received Import Request.
  Time since last request: 0.000051 seconds.
  path: Assets/Resources/Palette2/Tile2_5.asset
  artifactKey: Guid(d440cc942ff9b6e41a1440328fba8eb6) Importer(815301076,1909f56bfc062723c751e8b465ee728b)
Start importing Assets/Resources/Palette2/Tile2_5.asset using Guid(d440cc942ff9b6e41a1440328fba8eb6) Importer(815301076,1909f56bfc062723c751e8b465ee728b)  -> (artifact id: '9a6785b53f56a6ffa7cc3faff279c8ab') in 0.026535 seconds 
========================================================================
Received Import Request.
  Time since last request: 7.608445 seconds.
  path: Assets/2D_Destruction/Sprite-Diffuse.mat
  artifactKey: Guid(f383c989de0bc764d9e5a5af016a0c06) Importer(815301076,1909f56bfc062723c751e8b465ee728b)
Start importing Assets/2D_Destruction/Sprite-Diffuse.mat using Guid(f383c989de0bc764d9e5a5af016a0c06) Importer(815301076,1909f56bfc062723c751e8b465ee728b)  -> (artifact id: 'e7827160cd5ad76c43bd4c4f4f3a5807') in 0.055999 seconds 
========================================================================
Received Prepare
Registering precompiled user dll's ...
Registered in 0.004123 seconds.
Begin MonoManager ReloadAssembly
Symbol file LoadedFromMemory is not a mono symbol file
Native extension for WindowsStandalone target not found
Refreshing native plugins compatible for Editor in 1.16 ms, found 3 plugins.
Preloading 0 native plugins for Editor in 0.00 ms.
Mono: successfully reloaded assembly
- Completed reload, in  1.489 seconds
Domain Reload Profiling:
	ReloadAssembly (1490ms)
		BeginReloadAssembly (178ms)
			ExecutionOrderSort (0ms)
			DisableScriptedObjects (11ms)
			BackupInstance (0ms)
			ReleaseScriptingObjects (0ms)
			CreateAndSetChildDomain (79ms)
		EndReloadAssembly (1206ms)
			LoadAssemblies (83ms)
			RebuildTransferFunctionScriptingTraits (0ms)
			SetupTypeCache (287ms)
			ReleaseScriptCaches (3ms)
			RebuildScriptCaches (87ms)
			SetupLoadedEditorAssemblies (658ms)
				LogAssemblyErrors (0ms)
				InitializePlatformSupportModulesInManaged (14ms)
				SetLoadedEditorAssemblies (1ms)
				RefreshPlugins (1ms)
				BeforeProcessingInitializeOnLoad (119ms)
				ProcessInitializeOnLoadAttributes (301ms)
				ProcessInitializeOnLoadMethodAttributes (217ms)
				AfterProcessingInitializeOnLoad (5ms)
				EditorAssembliesLoaded (0ms)
			ExecutionOrderSort2 (0ms)
			AwakeInstancesAfterBackupRestoration (19ms)
Platform modules already initialized, skipping
Refreshing native plugins compatible for Editor in 4.88 ms, found 3 plugins.
Preloading 0 native plugins for Editor in 0.00 ms.
Unloading 4785 Unused Serialized files (Serialized files now loaded: 0)
Unloading 67 unused Assets / (390.4 KB). Loaded Objects now: 5506.
Memory consumption went from 214.9 MB to 214.5 MB.
Total: 6.978000 ms (FindLiveObjects: 0.380600 ms CreateObjectMapping: 0.436500 ms MarkObjects: 5.989000 ms  DeleteObjects: 0.170800 ms)

AssetImportParameters requested are different than current active one (requested -> active):
  custom:video-decoder-ogg-theora: a1e56fd34408186e4bbccfd4996cb3dc -> 
  custom:container-muxer-webm: aa71ff27fc2769a1b78a27578f13a17b -> 
  custom:container-demuxer-webm: 4f35f7cbe854078d1ac9338744f61a02 -> 
  custom:video-encoder-webm-vp8: eb34c28f22e8b96e1ab97ce403110664 -> 
  custom:audio-encoder-webm-vorbis: bf7c407c2cedff20999df2af8eb42d56 -> 
  custom:framework-win-MediaFoundation: 216162199b28c13a410421893ffa2e32 -> 
  custom:container-demuxer-ogg: 62fdf1f143b41e24485cea50d1cbac27 -> 
  custom:video-decoder-webm-vp8: 9c59270c3fd7afecdb556c50c9e8de78 -> 
  custom:audio-decoder-ogg-vorbis: bf7c407c2cedff20999df2af8eb42d56 -> 
========================================================================
Received Import Request.
  Time since last request: 948.959738 seconds.
  path: Assets/Animation/ETC/conveyor_L1.controller
  artifactKey: Guid(01593dfee313cde4ab5186ea3429420a) Importer(815301076,1909f56bfc062723c751e8b465ee728b)
Start importing Assets/Animation/ETC/conveyor_L1.controller using Guid(01593dfee313cde4ab5186ea3429420a) Importer(815301076,1909f56bfc062723c751e8b465ee728b)  -> (artifact id: '161f7547d92259c03a3921c76f531694') in 0.054304 seconds 
========================================================================
Received Import Request.
  Time since last request: 0.462459 seconds.
  path: Assets/Animation/ETC/conveyor_R2.controller
  artifactKey: Guid(1f130abef4ae49248b2af515b429f09b) Importer(815301076,1909f56bfc062723c751e8b465ee728b)
Start importing Assets/Animation/ETC/conveyor_R2.controller using Guid(1f130abef4ae49248b2af515b429f09b) Importer(815301076,1909f56bfc062723c751e8b465ee728b)  -> (artifact id: 'c3856b95528d7f2f860b2ea411850e37') in 0.006507 seconds 
========================================================================
Received Import Request.
  Time since last request: 0.489410 seconds.
  path: Assets/Animation/ETC/conveyor_R1.controller
  artifactKey: Guid(25f5fee6963a0e546a2b2366e4dbea06) Importer(815301076,1909f56bfc062723c751e8b465ee728b)
Start importing Assets/Animation/ETC/conveyor_R1.controller using Guid(25f5fee6963a0e546a2b2366e4dbea06) Importer(815301076,1909f56bfc062723c751e8b465ee728b)  -> (artifact id: '2a48579701ba7b7983f253a181ea8d52') in 0.006552 seconds 
========================================================================
Received Import Request.
  Time since last request: 0.877800 seconds.
  path: Assets/Animation/ETC/ConvLeft2.anim
  artifactKey: Guid(cfd38c4149a631046a9ca034a7b0f550) Importer(815301076,1909f56bfc062723c751e8b465ee728b)
Start importing Assets/Animation/ETC/ConvLeft2.anim using Guid(cfd38c4149a631046a9ca034a7b0f550) Importer(815301076,1909f56bfc062723c751e8b465ee728b)  -> (artifact id: 'aa288151956ec756507d16779f6cfe2e') in 0.006452 seconds 
========================================================================
Received Import Request.
  Time since last request: 0.353680 seconds.
  path: Assets/Animation/ETC/ConvRight1.anim
  artifactKey: Guid(d8fb1b55dac05204daf0a35a92b80ebd) Importer(815301076,1909f56bfc062723c751e8b465ee728b)
Start importing Assets/Animation/ETC/ConvRight1.anim using Guid(d8fb1b55dac05204daf0a35a92b80ebd) Importer(815301076,1909f56bfc062723c751e8b465ee728b)  -> (artifact id: '62dd46c60d9c84ea374f9e274535ebbb') in 0.005970 seconds 
========================================================================
Received Import Request.
  Time since last request: 4.793742 seconds.
  path: Assets/Animation/ETC/conveyor_L2.controller
  artifactKey: Guid(9bbdc0dc53726b242951fc563e6817c3) Importer(815301076,1909f56bfc062723c751e8b465ee728b)
Start importing Assets/Animation/ETC/conveyor_L2.controller using Guid(9bbdc0dc53726b242951fc563e6817c3) Importer(815301076,1909f56bfc062723c751e8b465ee728b)  -> (artifact id: '88121a161485ea04f0940c83434c34db') in 0.006608 seconds 
========================================================================
Received Import Request.
  Time since last request: 22.245781 seconds.
  path: Assets/Animation/ETC/ConvLeft1.anim
  artifactKey: Guid(3f2cbc34a2d07464e8d1e38c29fff089) Importer(815301076,1909f56bfc062723c751e8b465ee728b)
Start importing Assets/Animation/ETC/ConvLeft1.anim using Guid(3f2cbc34a2d07464e8d1e38c29fff089) Importer(815301076,1909f56bfc062723c751e8b465ee728b)  -> (artifact id: '118bd380007195b23e86ec0039b8fd3f') in 0.005629 seconds 
========================================================================
Received Import Request.
  Time since last request: 398.292398 seconds.
  path: Assets/Animation/Gun/GunController.controller
  artifactKey: Guid(7d44b8230e353ae47a65969e967c37e9) Importer(815301076,1909f56bfc062723c751e8b465ee728b)
Start importing Assets/Animation/Gun/GunController.controller using Guid(7d44b8230e353ae47a65969e967c37e9) Importer(815301076,1909f56bfc062723c751e8b465ee728b)  -> (artifact id: '99553ff286f3b5dad5bc472f932a1785') in 0.020331 seconds 
========================================================================
Received Import Request.
  Time since last request: 820.471116 seconds.
  path: Assets/Scenes/공장.unity
  artifactKey: Guid(fca2f676b67487b4c90363e352e85109) Importer(815301076,1909f56bfc062723c751e8b465ee728b)
Start importing Assets/Scenes/공장.unity using Guid(fca2f676b67487b4c90363e352e85109) Importer(815301076,1909f56bfc062723c751e8b465ee728b)  -> (artifact id: '841c55f285afe95ba1a0f50c9e30b472') in 0.006452 seconds 
========================================================================
Received Import Request.
  Time since last request: 2270.000782 seconds.
  path: Assets/Scenes/IceMap.unity
  artifactKey: Guid(2f69a38ca27a8ef4c95e4f4e77b3c3a0) Importer(815301076,1909f56bfc062723c751e8b465ee728b)
Start importing Assets/Scenes/IceMap.unity using Guid(2f69a38ca27a8ef4c95e4f4e77b3c3a0) Importer(815301076,1909f56bfc062723c751e8b465ee728b)  -> (artifact id: '5063dee7da8453718f0ba9b8ca4eac42') in 0.225114 seconds 
